#
# There is insufficient memory for the Java Runtime Environment to continue.
# Native memory allocation (malloc) failed to allocate 32744 bytes for ChunkPool::allocate
# Possible reasons:
#   The system is out of physical RAM or swap space
#   In 32 bit mode, the process size limit was hit
# Possible solutions:
#   Reduce memory load on the system
#   Increase physical memory or swap space
#   Check if swap backing store is full
#   Use 64 bit Java on a 64 bit OS
#   Decrease Java heap size (-Xmx/-Xms)
#   Decrease number of Java threads
#   Decrease Java thread stack sizes (-Xss)
#   Set larger code cache with -XX:ReservedCodeCacheSize=
# This output file may be truncated or incomplete.
#
#  Out of Memory Error (allocation.cpp:211), pid=3868, tid=8304
#
# JRE version: Java(TM) SE Runtime Environment (7.0_45-b18) (build 1.7.0_45-b18)
# Java VM: Java HotSpot(TM) 64-Bit Server VM (24.45-b08 mixed mode windows-amd64 compressed oops)
# Failed to write core dump. Minidumps are not enabled by default on client versions of Windows
#

---------------  T H R E A D  ---------------

Current thread (0x000000000806b800):  JavaThread "C2 CompilerThread1" daemon [_thread_in_native, id=8304, stack(0x0000000009510000,0x0000000009610000)]

Stack: [0x0000000009510000,0x0000000009610000]
[error occurred during error reporting (printing stack bounds), id 0xc0000005]


[error occurred during error reporting (printing native stack), id 0xc0000005]


Current CompileTask:
C2:   9517  401             com.android.dx.merge.DexMerger::transformMethods (126 bytes)


---------------  P R O C E S S  ---------------

Java Threads: ( => current thread )
  0x0000000008077800 JavaThread "Service Thread" daemon [_thread_blocked, id=8712, stack(0x0000000009690000,0x0000000009790000)]
=>0x000000000806b800 JavaThread "C2 CompilerThread1" daemon [_thread_in_native, id=8304, stack(0x0000000009510000,0x0000000009610000)]
  0x0000000008062800 JavaThread "C2 CompilerThread0" daemon [_thread_in_native, id=7536, stack(0x0000000009380000,0x0000000009480000)]
  0x000000000805d000 JavaThread "Attach Listener" daemon [_thread_blocked, id=8748, stack(0x0000000009260000,0x0000000009360000)]
  0x000000000805b800 JavaThread "Signal Dispatcher" daemon [_thread_blocked, id=7088, stack(0x0000000009100000,0x0000000009200000)]
  0x000000000800a800 JavaThread "Finalizer" daemon [_thread_blocked, id=1764, stack(0x0000000008f40000,0x0000000009040000)]
  0x00000000022eb800 JavaThread "Reference Handler" daemon [_thread_blocked, id=7496, stack(0x0000000008dc0000,0x0000000008ec0000)]
  0x00000000021ee800 JavaThread "main" [_thread_in_Java, id=3824, stack(0x0000000002340000,0x0000000002440000)]

Other Threads:
  0x0000000008001800 VMThread [stack: 0x0000000008bc0000,0x0000000008cc0000] [id=7688]
  0x0000000008081000 WatcherThread [stack: 0x00000000097e0000,0x00000000098e0000] [id=8544]

VM state:not at safepoint (normal execution)

VM Mutex/Monitor currently owned by a thread: None

Heap
 PSYoungGen      total 27136K, used 12947K [0x00000000eaa80000, 0x00000000edf80000, 0x0000000100000000)
  eden space 23552K, 39% used [0x00000000eaa80000,0x00000000eb3ab320,0x00000000ec180000)
  from space 3584K, 99% used [0x00000000ec180000,0x00000000ec4f9990,0x00000000ec500000)
  to   space 3584K, 0% used [0x00000000edc00000,0x00000000edc00000,0x00000000edf80000)
 ParOldGen       total 60928K, used 9862K [0x00000000c0000000, 0x00000000c3b80000, 0x00000000eaa80000)
  object space 60928K, 16% used [0x00000000c0000000,0x00000000c09a1840,0x00000000c3b80000)
 PSPermGen       total 21504K, used 6935K [0x00000000bae00000, 0x00000000bc300000, 0x00000000c0000000)
  object space 21504K, 32% used [0x00000000bae00000,0x00000000bb4c5d80,0x00000000bc300000)

Card table byte_map: [0x0000000005440000,0x0000000005670000] byte_map_base: 0x0000000004e69000

Polling page: 0x00000000005c0000

Code Cache  [0x0000000002440000, 0x00000000026b0000, 0x0000000005440000)
 total_blobs=664 nmethods=407 adapters=210 free_code_cache=48125Kb largest_free_block=49253248

Compilation events (10 events):
Event: 9.152 Thread 0x0000000008062800 nmethod 397 0x000000000253e650 code [0x000000000253e7a0, 0x000000000253e978]
Event: 9.165 Thread 0x000000000806b800  399             com.android.dex.Dex$Section::readMethods (59 bytes)
Event: 9.174 Thread 0x000000000806b800 nmethod 399 0x00000000024ea410 code [0x00000000024ea580, 0x00000000024ea7e8]
Event: 9.176 Thread 0x0000000008062800  400             com.android.dx.io.instructions.DecodedInstruction::getOpcodeUnit (6 bytes)
Event: 9.176 Thread 0x000000000806b800  401             com.android.dx.merge.DexMerger::transformMethods (126 bytes)
Event: 9.176 Thread 0x0000000008062800 nmethod 400 0x000000000253ad50 code [0x000000000253ae80, 0x000000000253aed8]
Event: 9.231 Thread 0x0000000008062800  402             com.android.dx.io.instructions.DecodedInstruction::getB (2 bytes)
Event: 9.232 Thread 0x0000000008062800 nmethod 402 0x0000000002540590 code [0x00000000025406c0, 0x0000000002540718]
Event: 9.237 Thread 0x0000000008062800  403             com.android.dx.io.instructions.OneRegisterDecodedInstruction::getRegisterCount (2 bytes)
Event: 9.238 Thread 0x0000000008062800 nmethod 403 0x0000000002540cd0 code [0x0000000002540e00, 0x0000000002540e58]

GC Heap History (4 events):
Event: 4.291 GC heap before
{Heap before GC invocations=1 (full 0):
 PSYoungGen      total 27136K, used 23406K [0x00000000eaa80000, 0x00000000ec880000, 0x0000000100000000)
  eden space 23552K, 99% used [0x00000000eaa80000,0x00000000ec15bbc0,0x00000000ec180000)
  from space 3584K, 0% used [0x00000000ec500000,0x00000000ec500000,0x00000000ec880000)
  to   space 3584K, 0% used [0x00000000ec180000,0x00000000ec180000,0x00000000ec500000)
 ParOldGen       total 60928K, used 0K [0x00000000c0000000, 0x00000000c3b80000, 0x00000000eaa80000)
  object space 60928K, 0% used [0x00000000c0000000,0x00000000c0000000,0x00000000c3b80000)
 PSPermGen       total 21504K, used 5373K [0x00000000bae00000, 0x00000000bc300000, 0x00000000c0000000)
  object space 21504K, 24% used [0x00000000bae00000,0x00000000bb33f550,0x00000000bc300000)
Event: 4.337 GC heap after
Heap after GC invocations=1 (full 0):
 PSYoungGen      total 27136K, used 3572K [0x00000000eaa80000, 0x00000000edf80000, 0x0000000100000000)
  eden space 23552K, 0% used [0x00000000eaa80000,0x00000000eaa80000,0x00000000ec180000)
  from space 3584K, 99% used [0x00000000ec180000,0x00000000ec4fd0b0,0x00000000ec500000)
  to   space 3584K, 0% used [0x00000000edc00000,0x00000000edc00000,0x00000000edf80000)
 ParOldGen       total 60928K, used 2927K [0x00000000c0000000, 0x00000000c3b80000, 0x00000000eaa80000)
  object space 60928K, 4% used [0x00000000c0000000,0x00000000c02dbfb8,0x00000000c3b80000)
 PSPermGen       total 21504K, used 5373K [0x00000000bae00000, 0x00000000bc300000, 0x00000000c0000000)
  object space 21504K, 24% used [0x00000000bae00000,0x00000000bb33f550,0x00000000bc300000)
}
Event: 7.988 GC heap before
{Heap before GC invocations=2 (full 0):
 PSYoungGen      total 27136K, used 27124K [0x00000000eaa80000, 0x00000000edf80000, 0x0000000100000000)
  eden space 23552K, 100% used [0x00000000eaa80000,0x00000000ec180000,0x00000000ec180000)
  from space 3584K, 99% used [0x00000000ec180000,0x00000000ec4fd0b0,0x00000000ec500000)
  to   space 3584K, 0% used [0x00000000edc00000,0x00000000edc00000,0x00000000edf80000)
 ParOldGen       total 60928K, used 2927K [0x00000000c0000000, 0x00000000c3b80000, 0x00000000eaa80000)
  object space 60928K, 4% used [0x00000000c0000000,0x00000000c02dbfb8,0x00000000c3b80000)
 PSPermGen       total 21504K, used 6875K [0x00000000bae00000, 0x00000000bc300000, 0x00000000c0000000)
  object space 21504K, 31% used [0x00000000bae00000,0x00000000bb4b6d00,0x00000000bc300000)
Event: 8.020 GC heap after
Heap after GC invocations=2 (full 0):
 PSYoungGen      total 27136K, used 3574K [0x00000000eaa80000, 0x00000000edf80000, 0x0000000100000000)
  eden space 23552K, 0% used [0x00000000eaa80000,0x00000000eaa80000,0x00000000ec180000)
  from space 3584K, 99% used [0x00000000edc00000,0x00000000edf7da60,0x00000000edf80000)
  to   space 3584K, 0% used [0x00000000ec180000,0x00000000ec180000,0x00000000ec500000)
 ParOldGen       total 60928K, used 9174K [0x00000000c0000000, 0x00000000c3b80000, 0x00000000eaa80000)
  object space 60928K, 15% used [0x00000000c0000000,0x00000000c08f5ad8,0x00000000c3b80000)
 PSPermGen       total 21504K, used 6875K [0x00000000bae00000, 0x00000000bc300000, 0x00000000c0000000)
  object space 21504K, 31% used [0x00000000bae00000,0x00000000bb4b6d00,0x00000000bc300000)
}

Deoptimization events (10 events):
Event: 4.563 Thread 0x00000000021ee800 Uncommon trap: reason=class_check action=maybe_recompile pc=0x00000000024d51bc method=java.util.HashMap.put(Ljava/lang/Object;Ljava/lang/Object;)Ljava/lang/Object; @ 83
Event: 5.669 Thread 0x00000000021ee800 Uncommon trap: reason=class_check action=maybe_recompile pc=0x00000000024ea158 method=com.android.dex.Leb128.writeUnsignedLeb128(Lcom/android/dex/util/ByteOutput;I)V @ 40
Event: 5.669 Thread 0x00000000021ee800 Uncommon trap: reason=class_check action=maybe_recompile pc=0x00000000024ea158 method=com.android.dex.Leb128.writeUnsignedLeb128(Lcom/android/dex/util/ByteOutput;I)V @ 40
Event: 5.670 Thread 0x00000000021ee800 Uncommon trap: reason=class_check action=maybe_recompile pc=0x00000000024ea158 method=com.android.dex.Leb128.writeUnsignedLeb128(Lcom/android/dex/util/ByteOutput;I)V @ 40
Event: 5.670 Thread 0x00000000021ee800 Uncommon trap: reason=class_check action=maybe_recompile pc=0x00000000024ea158 method=com.android.dex.Leb128.writeUnsignedLeb128(Lcom/android/dex/util/ByteOutput;I)V @ 40
Event: 6.757 Thread 0x00000000021ee800 Uncommon trap: reason=class_check action=maybe_recompile pc=0x00000000024fb0a0 method=com.android.dex.Leb128.readUnsignedLeb128(Lcom/android/dex/util/ByteInput;)I @ 5
Event: 6.757 Thread 0x00000000021ee800 Uncommon trap: reason=class_check action=maybe_recompile pc=0x00000000024fb0a0 method=com.android.dex.Leb128.readUnsignedLeb128(Lcom/android/dex/util/ByteInput;)I @ 5
Event: 6.757 Thread 0x00000000021ee800 Uncommon trap: reason=class_check action=maybe_recompile pc=0x00000000024fb0a0 method=com.android.dex.Leb128.readUnsignedLeb128(Lcom/android/dex/util/ByteInput;)I @ 5
Event: 6.757 Thread 0x00000000021ee800 Uncommon trap: reason=class_check action=maybe_recompile pc=0x00000000024fb0a0 method=com.android.dex.Leb128.readUnsignedLeb128(Lcom/android/dex/util/ByteInput;)I @ 5
Event: 7.196 Thread 0x00000000021ee800 Uncommon trap: reason=predicate action=maybe_recompile pc=0x00000000024fe8e8 method=com.android.dex.Leb128.readUnsignedLeb128(Lcom/android/dex/util/ByteInput;)I @ 41

Internal exceptions (10 events):
Event: 6.102 Thread 0x00000000021ee800 Threw 0x00000000eb691608 at C:\re\jdk7u45\229\hotspot\src\share\vm\prims\jvm.cpp:1244
Event: 6.103 Thread 0x00000000021ee800 Threw 0x00000000eb694850 at C:\re\jdk7u45\229\hotspot\src\share\vm\prims\jvm.cpp:1244
Event: 6.105 Thread 0x00000000021ee800 Threw 0x00000000eb697ec8 at C:\re\jdk7u45\229\hotspot\src\share\vm\prims\jvm.cpp:1244
Event: 6.114 Thread 0x00000000021ee800 Threw 0x00000000eb69f2b0 at C:\re\jdk7u45\229\hotspot\src\share\vm\prims\jvm.cpp:1244
Event: 6.116 Thread 0x00000000021ee800 Threw 0x00000000eb6a1698 at C:\re\jdk7u45\229\hotspot\src\share\vm\prims\jvm.cpp:1244
Event: 6.487 Thread 0x00000000021ee800 Threw 0x00000000eb7534c8 at C:\re\jdk7u45\229\hotspot\src\share\vm\prims\jvm.cpp:1244
Event: 6.487 Thread 0x00000000021ee800 Threw 0x00000000eb7535f0 at C:\re\jdk7u45\229\hotspot\src\share\vm\prims\jvm.cpp:1244
Event: 6.526 Thread 0x00000000021ee800 Threw 0x00000000eb757368 at C:\re\jdk7u45\229\hotspot\src\share\vm\prims\jvm.cpp:1244
Event: 6.526 Thread 0x00000000021ee800 Threw 0x00000000eb757490 at C:\re\jdk7u45\229\hotspot\src\share\vm\prims\jvm.cpp:1244
Event: 8.700 Thread 0x00000000021ee800 Threw 0x00000000eb624c68 at C:\re\jdk7u45\229\hotspot\src\share\vm\prims\jvm.cpp:1244

Events (10 events):
Event: 8.027 Executing VM operation: RevokeBias
Event: 8.027 Executing VM operation: RevokeBias done
Event: 8.027 Executing VM operation: RevokeBias
Event: 8.027 Executing VM operation: RevokeBias done
Event: 8.168 Thread 0x0000000008062800 flushing nmethod 0x00000000024d49d0
Event: 8.700 loading class 0x0000000009d55310
Event: 8.700 loading class 0x0000000009d55310 done
Event: 9.070 loading class 0x000000000227f360
Event: 9.071 loading class 0x000000000227f360 done
Event: 9.130 Thread 0x000000000806b800 flushing nmethod 0x00000000024e9c50


Dynamic libraries:
0x000000013f830000 - 0x000000013f863000 	C:\Program Files\Java\jdk1.7.0_45\bin\java.exe
0x0000000076cc0000 - 0x0000000076e69000 	C:\windows\SYSTEM32\ntdll.dll
0x0000000076aa0000 - 0x0000000076bbf000 	C:\windows\system32\kernel32.dll
0x000007fefd2d0000 - 0x000007fefd33b000 	C:\windows\system32\KERNELBASE.dll
0x000007fefdc80000 - 0x000007fefdd5b000 	C:\windows\system32\ADVAPI32.dll
0x000007fefd6e0000 - 0x000007fefd77f000 	C:\windows\system32\msvcrt.dll
0x000007fefdd60000 - 0x000007fefdd7f000 	C:\windows\SYSTEM32\sechost.dll
0x000007fefee90000 - 0x000007fefefbd000 	C:\windows\system32\RPCRT4.dll
0x0000000076bc0000 - 0x0000000076cba000 	C:\windows\system32\USER32.dll
0x000007fefdd80000 - 0x000007fefdde7000 	C:\windows\system32\GDI32.dll
0x000007fefee80000 - 0x000007fefee8e000 	C:\windows\system32\LPK.dll
0x000007fefd780000 - 0x000007fefd849000 	C:\windows\system32\USP10.dll
0x000007fefbb50000 - 0x000007fefbd44000 	C:\windows\WinSxS\amd64_microsoft.windows.common-controls_6595b64144ccf1df_6.0.7601.17514_none_fa396087175ac9ac\COMCTL32.dll
0x000007fefda60000 - 0x000007fefdad1000 	C:\windows\system32\SHLWAPI.dll
0x000007fefd850000 - 0x000007fefd87e000 	C:\windows\system32\IMM32.DLL
0x000007fefd5d0000 - 0x000007fefd6d9000 	C:\windows\system32\MSCTF.dll
0x000000006fd40000 - 0x000000006fe12000 	C:\Program Files\Java\jdk1.7.0_45\jre\bin\msvcr100.dll
0x00000000650e0000 - 0x00000000658a9000 	C:\Program Files\Java\jdk1.7.0_45\jre\bin\server\jvm.dll
0x000007feedba0000 - 0x000007feedba9000 	C:\windows\system32\WSOCK32.dll
0x000007fefed90000 - 0x000007fefeddd000 	C:\windows\system32\WS2_32.dll
0x000007fefefc0000 - 0x000007fefefc8000 	C:\windows\system32\NSI.dll
0x000007fefadc0000 - 0x000007fefadfb000 	C:\windows\system32\WINMM.dll
0x0000000076e90000 - 0x0000000076e97000 	C:\windows\system32\PSAPI.DLL
0x00000000743f0000 - 0x00000000743ff000 	C:\Program Files\Java\jdk1.7.0_45\jre\bin\verify.dll
0x00000000743c0000 - 0x00000000743e8000 	C:\Program Files\Java\jdk1.7.0_45\jre\bin\java.dll
0x00000000743a0000 - 0x00000000743b5000 	C:\Program Files\Java\jdk1.7.0_45\jre\bin\zip.dll
0x0000000074380000 - 0x0000000074399000 	C:\Program Files\Java\jdk1.7.0_45\jre\bin\net.dll
0x000007fefc990000 - 0x000007fefc9e5000 	C:\windows\system32\mswsock.dll
0x000007fefc980000 - 0x000007fefc987000 	C:\windows\System32\wship6.dll
0x0000000074360000 - 0x0000000074371000 	C:\Program Files\Java\jdk1.7.0_45\jre\bin\nio.dll

VM Arguments:
jvm_args: -Xmx1024M -Dfile.encoding=windows-1251 -Duser.country=RU -Duser.language=ru -Duser.variant 
java_command: com.android.dx.command.Main --dex --output C:\Users\nikita\Desktop\EJAndroid\app\build\intermediates\dex\debug C:\Users\nikita\Desktop\EJAndroid\app\build\intermediates\classes\debug C:\Users\nikita\Desktop\EJAndroid\app\build\intermediates\pre-dexed\debug\support-annotations-22.2.1-0c42fd0a0786bc752661512602aa040f6ef87c24.jar C:\Users\nikita\Desktop\EJAndroid\app\build\intermediates\pre-dexed\debug\classes-b070db0605b3f0535289eafefa192e75b123226e.jar C:\Users\nikita\Desktop\EJAndroid\app\build\intermediates\pre-dexed\debug\eventbus-2.4.0-9bf1411fe8c3f72b0e90bc12886d0dc92f48b3c8.jar C:\Users\nikita\Desktop\EJAndroid\app\build\intermediates\pre-dexed\debug\butterknife-7.0.1-45233e19f05035ee014cbc9e37d01f604b15bca8.jar C:\Users\nikita\Desktop\EJAndroid\app\build\intermediates\pre-dexed\debug\gson-2.3-4f1e6e2961c2728084c530f48c24d12cf80f0a96.jar C:\Users\nikita\Desktop\EJAndroid\app\build\intermediates\pre-dexed\debug\ion-2.1.6-7ea385fcdff294f706ce117abf479819ffeeb719.jar C:\Users\nikita\Desktop\EJAndroid\app\build\intermediates\pre-dexed\debug\internal_impl-22.2.1-2d3a04a6f4c8545fb726cf7ceb9af3a1df7b7a44.jar C:\Users\nikita\Desktop\EJAndroid\app\build\intermediates\pre-dexed\debug\jsoup-1.8.2-5c6825d84e43ead32361cd627b30ab95bcad3fed.jar C:\Users\nikita\Desktop\EJAndroid\app\build\intermediates\pre-dexed\debug\androidasync-2.1.6-948cc939775b9bdc3919dc4d35a288997dfb9395.jar C:\Users\nikita\Desktop\EJAndroid\app\build\intermediates\pre-dexed\debug\classes-ccc1176b7d4b7082da5cd6cf9c115106cbe51413.jar C:\Users\nikita\Desktop\EJAndroid\app\build\intermediates\pre-dexed\debug\classes-4d37b4e9d7402149cf9d9b91e87de8c9d9319067.jar
Launcher Type: SUN_STANDARD

Environment Variables:
JAVA_HOME=C:\Program Files\Java\jdk1.7.0_45\
PATH=C:\oraclexe\app\oracle\product\11.2.0\server\bin;C:\Program Files\Java\jdk1.7.0_45\bin;C:\Program Files (x86)\Skype\Phone\;C:\adb;C:\Program Files\Java\jdk1.7.0_45\\bin;C:\ant\bin;C:\Users\nikita\Desktop\adt-bundle-windows-x86_64-20140702\sdk\tools\
USERNAME=nikita
OS=Windows_NT
PROCESSOR_IDENTIFIER=AMD64 Family 20 Model 2 Stepping 0, AuthenticAMD



---------------  S Y S T E M  ---------------

OS: Windows 7 , 64 bit Build 7601 Service Pack 1

CPU:total 2 (2 cores per cpu, 1 threads per core) family 20 model 2 stepping 0, cmov, cx8, fxsr, mmx, sse, sse2, sse3, ssse3, popcnt, mmxext, lzcnt, sse4a, tsc, tscinvbit, tscinv

Memory: 4k page, physical 5871992k(823820k free), swap 7406136k(11832k free)

vm_info: Java HotSpot(TM) 64-Bit Server VM (24.45-b08) for windows-amd64 JRE (1.7.0_45-b18), built on Oct  8 2013 05:47:22 by "java_re" with unknown MS VC++:1600

time: Sat Jul 25 14:27:41 2015
elapsed time: 9 seconds

